<?xml version="1.0" encoding="UTF-8"?>
<!-- Generated by org.testng.reporters.JUnitReportReporter -->
<testsuite hostname="0ad5875f488d519" failures="0" tests="8" name="testcases.verification_testcase" time="24.410" errors="0" timestamp="2025-02-25T19:07:13 IST" skipped="0">
  <testcase classname="testcases.verification_testcase" name="verifyVerificationModule" time="4.882"/>
  <testcase classname="testcases.verification_testcase" name="verifyVerificationSubModules" time="0.010"/>
  <testcase classname="testcases.verification_testcase" name="verifyInventoryTabsAndButtonsAreDisplayed" time="10.530"/>
  <testcase classname="testcases.verification_testcase" name="verifyNavigationToAnotherSubModuleAfterOpeningTheInventorySection" time="0.768"/>
  <testcase classname="testcases.verification_testcase" name="verifyNavigationOfTabs" time="2.772"/>
  <testcase classname="testcases.verification_testcase" name="verifySearchDataByDateFilter" time="0.590"/>
  <testcase classname="testcases.verification_testcase" name="verifyToolTipText" time="0.679"/>
  <testcase classname="testcases.verification_testcase" name="verifyDatesAreRemeberedCorrectly" time="4.179"/>
</testsuite> <!-- testcases.verification_testcase -->
